 command line:
   ./toplevel_isim_beh.exe
     -intstyle  ise
     -ipchost  localhost
     -ipcport  3840

Thu Apr 11 11:05:23 2013

Total Line Count : 46

 Elaboration time : 0.0156 sec.

 Estimate current memory usage : 169.509 Meg. 

 Total Signals          : 18
 Total Nets             : 13
 Total Signal Drivers   : 11
 Total Blocks           : 6
 Total Primitive Blocks : 2
 Total Processes        : 11
 Total Traceable Variables  : 0
 Total Scalar Nets and Variables : 13
ntrace select -o on -m / -l this 
ntrace start 
isimrun 1000 ns 
Simulator is doing circuit initialization process.
Finished circuit initialization process.
restart
isim force add clk 1 -radix default -value 0 -radix default -time 5 ns -repeat 10 ns 
isim force add d 1 -radix default -value 0 -radix default -time 15 ns -repeat 30 ns 
isimrun 100 ns 
Simulator is doing circuit initialization process.
Finished circuit initialization process.

 Simulation time 0.0624 sec.

 Estimate current memory usage : 178.684 Meg. 

Thu Apr 11 11:09:05 2013

