 command line:
   ./RSLatch_isim_beh.exe
     -intstyle  ise
     -ipchost  localhost
     -ipcport  3543

Thu Apr 11 09:31:06 2013

Total Line Count : 17

 Elaboration time : 0.0468 sec.

 Estimate current memory usage : 169.366 Meg. 

 Total Signals          : 8
 Total Nets             : 8
 Total Signal Drivers   : 5
 Total Blocks           : 2
 Total Primitive Blocks : 1
 Total Processes        : 5
 Total Traceable Variables  : 0
 Total Scalar Nets and Variables : 8
ntrace select -o on -m / -l this 
ntrace start 
isimrun 1000 ns 
Simulator is doing circuit initialization process.
Finished circuit initialization process.
restart
isim force add clk 1 -radix default -value 0 -radix default -time 5 ns -repeat 10 ns 
isim force add r 1 -radix default -value 0 -radix default -time 15 ns -repeat 30 ns 
isim force add s 0 -radix default -value 1 -radix default -time 15 ns -repeat 30 ns 
isimrun 1000 ns 
Simulator is doing circuit initialization process.
Finished circuit initialization process.

 Simulation time 0.577203 sec.

 Estimate current memory usage : 178.541 Meg. 

Thu Apr 11 09:42:07 2013

