--------------------------------------------------------------------------------
Release 9.2i Trace 
Copyright (c) 1995-2007 Xilinx, Inc.  All rights reserved.

C:\Xilinx92i\bin\nt\trce.exe -ise H:/EECS140/Lab6/Lab6.ise -intstyle ise -e 3
-s 4 -xml sixbitxor sixbitxor.ncd -o sixbitxor.twr sixbitxor.pcf -ucf ucf.ucf

Design file:              sixbitxor.ncd
Physical constraint file: sixbitxor.pcf
Device,package,speed:     xc3s500e,fg320,-4 (PRODUCTION 1.26 2007-04-13)
Report level:             error report

Environment Variable      Effect 
--------------------      ------ 
NONE                      No environment variables were set
--------------------------------------------------------------------------------

INFO:Timing:2698 - No timing constraints found, doing default enumeration.
INFO:Timing:2752 - To get complete path coverage, use the unconstrained paths 
   option. All paths that are not constrained will be reported in the 
   unconstrained paths section(s) of the report.
INFO:Timing:3339 - The clock-to-out numbers in this timing report are based on 
   a 50 Ohm transmission line loading model.  For the details of this model, 
   and for more information on accounting for different loading conditions, 
   please see the device datasheet.



Data Sheet report:
-----------------
All values displayed in nanoseconds (ns)

Pad to Pad
---------------+---------------+---------+
Source Pad     |Destination Pad|  Delay  |
---------------+---------------+---------+
U              |I              |    7.262|
V              |I              |    7.172|
W              |I              |    6.745|
X              |I              |    7.969|
Y              |I              |    8.226|
Z              |I              |    8.304|
---------------+---------------+---------+


Analysis completed Thu Mar 14 10:21:04 2013 
--------------------------------------------------------------------------------

Trace Settings:
-------------------------
Trace Settings 

Peak Memory Usage: 134 MB



